<?xml version="1.0" encoding="UTF-8"?>
<testng-results skipped="0" failed="0" total="1" passed="1">
  <reporter-output>
  </reporter-output>
  <suite name="Default suite" duration-ms="28113" started-at="2019-04-17T05:50:26Z" finished-at="2019-04-17T05:50:54Z">
    <groups>
    </groups>
    <test name="Default test" duration-ms="28113" started-at="2019-04-17T05:50:26Z" finished-at="2019-04-17T05:50:54Z">
      <class name="Pack.seleniumTest">
        <test-method status="PASS" signature="beforeMethod()[pri:0, instance:Pack.seleniumTest@28feb3fa]" name="beforeMethod" is-config="true" duration-ms="20520" started-at="2019-04-17T11:20:26Z" finished-at="2019-04-17T11:20:46Z">
          <reporter-output>
          </reporter-output>
        </test-method> <!-- beforeMethod -->
        <test-method status="PASS" signature="Login()[pri:0, instance:Pack.seleniumTest@28feb3fa]" name="Login" duration-ms="7403" started-at="2019-04-17T11:20:46Z" finished-at="2019-04-17T11:20:54Z">
          <reporter-output>
          </reporter-output>
        </test-method> <!-- Login -->
        <test-method status="PASS" signature="afterMethod()[pri:0, instance:Pack.seleniumTest@28feb3fa]" name="afterMethod" is-config="true" duration-ms="157" started-at="2019-04-17T11:20:54Z" finished-at="2019-04-17T11:20:54Z">
          <reporter-output>
          </reporter-output>
        </test-method> <!-- afterMethod -->
      </class> <!-- Pack.seleniumTest -->
    </test> <!-- Default test -->
  </suite> <!-- Default suite -->
</testng-results>
